#
# There is insufficient memory for the Java Runtime Environment to continue.
# Native memory allocation (malloc) failed to allocate 32744 bytes for ChunkPool::allocate
# Possible reasons:
#   The system is out of physical RAM or swap space
#   In 32 bit mode, the process size limit was hit
# Possible solutions:
#   Reduce memory load on the system
#   Increase physical memory or swap space
#   Check if swap backing store is full
#   Use 64 bit Java on a 64 bit OS
#   Decrease Java heap size (-Xmx/-Xms)
#   Decrease number of Java threads
#   Decrease Java thread stack sizes (-Xss)
#   Set larger code cache with -XX:ReservedCodeCacheSize=
# This output file may be truncated or incomplete.
#
#  Out of Memory Error (allocation.cpp:273), pid=3628, tid=0x0000000000000ddc
#
# JRE version: Java(TM) SE Runtime Environment (8.0_171-b11) (build 1.8.0_171-b11)
# Java VM: Java HotSpot(TM) 64-Bit Server VM (25.171-b11 mixed mode windows-amd64 compressed oops)
# Failed to write core dump. Minidumps are not enabled by default on client versions of Windows
#

---------------  T H R E A D  ---------------

Current thread (0x0000000016f67800):  JavaThread "C2 CompilerThread0" daemon [_thread_in_vm, id=3548, stack(0x00000000185b0000,0x00000000186b0000)]

Stack: [0x00000000185b0000,0x00000000186b0000]
[error occurred during error reporting (printing stack bounds), id 0xc0000005]

Native frames: (J=compiled Java code, j=interpreted, Vv=VM code, C=native code)


---------------  P R O C E S S  ---------------

Java Threads: ( => current thread )
  0x00000000188e0800 JavaThread "Service Thread" daemon [_thread_blocked, id=6544, stack(0x0000000018cb0000,0x0000000018db0000)]
  0x0000000016f7f000 JavaThread "C1 CompilerThread2" daemon [_thread_blocked, id=7748, stack(0x00000000187b0000,0x00000000188b0000)]
  0x0000000016f6d000 JavaThread "C2 CompilerThread1" daemon [_thread_blocked, id=5168, stack(0x00000000186b0000,0x00000000187b0000)]
=>0x0000000016f67800 JavaThread "C2 CompilerThread0" daemon [_thread_in_vm, id=3548, stack(0x00000000185b0000,0x00000000186b0000)]
  0x0000000016f66000 JavaThread "Attach Listener" daemon [_thread_blocked, id=5224, stack(0x00000000184b0000,0x00000000185b0000)]
  0x0000000016f64800 JavaThread "Signal Dispatcher" daemon [_thread_blocked, id=4644, stack(0x00000000183b0000,0x00000000184b0000)]
  0x000000000241c000 JavaThread "Finalizer" daemon [_thread_blocked, id=7968, stack(0x00000000181d0000,0x00000000182d0000)]
  0x0000000002411000 JavaThread "Reference Handler" daemon [_thread_blocked, id=5268, stack(0x00000000180d0000,0x00000000181d0000)]
  0x000000000221d800 JavaThread "main" [_thread_in_native, id=1996, stack(0x0000000002220000,0x0000000002320000)]

Other Threads:
  0x0000000016f27800 VMThread [stack: 0x0000000017fd0000,0x00000000180d0000] [id=4896]

VM state:not at safepoint (normal execution)

VM Mutex/Monitor currently owned by a thread: None

Heap:
 PSYoungGen      total 38400K, used 1331K [0x00000000d5e00000, 0x00000000d8880000, 0x0000000100000000)
  eden space 33280K, 4% used [0x00000000d5e00000,0x00000000d5f4cce8,0x00000000d7e80000)
  from space 5120K, 0% used [0x00000000d8380000,0x00000000d8380000,0x00000000d8880000)
  to   space 5120K, 0% used [0x00000000d7e80000,0x00000000d7e80000,0x00000000d8380000)
 ParOldGen       total 87552K, used 0K [0x0000000081a00000, 0x0000000086f80000, 0x00000000d5e00000)
  object space 87552K, 0% used [0x0000000081a00000,0x0000000081a00000,0x0000000086f80000)
 Metaspace       used 2240K, capacity 4480K, committed 4480K, reserved 1056768K
  class space    used 245K, capacity 384K, committed 384K, reserved 1048576K

Card table byte_map: [0x00000000117e0000,0x0000000011be0000] byte_map_base: 0x00000000113d3000

Marking Bits: (ParMarkBitMap*) 0x000000005de508c0
 Begin Bits: [0x0000000012290000, 0x0000000014228000)
 End Bits:   [0x0000000014228000, 0x00000000161c0000)

Polling page: 0x00000000020e0000

CodeCache: size=245760Kb used=1072Kb max_used=1072Kb free=244687Kb
 bounds [0x0000000002420000, 0x0000000002690000, 0x0000000011420000]
 total_blobs=222 nmethods=8 adapters=136
 compilation: enabled

Compilation events (4 events):
Event: 0.052 Thread 0x0000000016f7f000    1       3       java.lang.String::equals (81 bytes)
Event: 0.053 Thread 0x0000000016f7f000 nmethod 1 0x0000000002520250 code [0x00000000025203e0, 0x0000000002520930]
Event: 0.053 Thread 0x0000000016f7f000    2       3       java.lang.Object::<init> (1 bytes)
Event: 0.053 Thread 0x0000000016f7f000 nmethod 2 0x000000000251ff10 code [0x0000000002520060, 0x00000000025201b0]

GC Heap History (0 events):
No events

Deoptimization events (0 events):
No events

Classes redefined (0 events):
No events

Internal exceptions (2 events):
Event: 0.025 Thread 0x000000000221d800 Exception <a 'java/lang/NoSuchMethodError': Method sun.misc.Unsafe.defineClass(Ljava/lang/String;[BII)Ljava/lang/Class; name or signature does not match> (0x00000000d5e07cb0) thrown at [C:\re\workspace\8-2-build-windows-amd64-cygwin\jdk8u171\10807\hotspot
Event: 0.025 Thread 0x000000000221d800 Exception <a 'java/lang/NoSuchMethodError': Method sun.misc.Unsafe.prefetchRead(Ljava/lang/Object;J)V name or signature does not match> (0x00000000d5e07f98) thrown at [C:\re\workspace\8-2-build-windows-amd64-cygwin\jdk8u171\10807\hotspot\src\share\vm\prim

Events (10 events):
Event: 0.052 loading class sun/misc/PostVMInitHook
Event: 0.053 loading class sun/misc/PostVMInitHook done
Event: 0.053 loading class sun/usagetracker/UsageTrackerClient
Event: 0.053 loading class sun/usagetracker/UsageTrackerClient done
Event: 0.053 loading class java/util/concurrent/atomic/AtomicBoolean
Event: 0.053 loading class java/util/concurrent/atomic/AtomicBoolean done
Event: 0.053 loading class sun/usagetracker/UsageTrackerClient$1
Event: 0.053 loading class sun/usagetracker/UsageTrackerClient$1 done
Event: 0.053 loading class sun/usagetracker/UsageTrackerClient$4
Event: 0.053 loading class sun/usagetracker/UsageTrackerClient$4 done


Dynamic libraries:
0x00007ff68ed90000 - 0x00007ff68edc7000 	C:\Program Files\Java\jdk1.8.0_171\bin\javaw.exe
0x00007ff9221d0000 - 0x00007ff92237d000 	C:\Windows\SYSTEM32\ntdll.dll
0x00007ff921e60000 - 0x00007ff921f9f000 	C:\Windows\system32\KERNEL32.DLL
0x00007ff91f690000 - 0x00007ff91f7a5000 	C:\Windows\system32\KERNELBASE.dll
0x00007ff91de00000 - 0x00007ff91de8e000 	C:\Windows\system32\apphelp.dll
0x00007ff9117c0000 - 0x00007ff911814000 	C:\Windows\AppPatch\AppPatch64\AcGenral.DLL
0x00007ff9200c0000 - 0x00007ff92016a000 	C:\Windows\system32\msvcrt.dll
0x00007ff91f660000 - 0x00007ff91f68e000 	C:\Windows\system32\SspiCli.dll
0x00007ff9201a0000 - 0x00007ff9201f4000 	C:\Windows\system32\SHLWAPI.dll
0x00007ff91fa60000 - 0x00007ff91fbd7000 	C:\Windows\system32\USER32.dll
0x00007ff920340000 - 0x00007ff9204d4000 	C:\Windows\system32\ole32.dll
0x00007ff920930000 - 0x00007ff921e5b000 	C:\Windows\system32\SHELL32.dll
0x00007ff91e920000 - 0x00007ff91e941000 	C:\Windows\SYSTEM32\USERENV.dll
0x00007ff9204e0000 - 0x00007ff92058a000 	C:\Windows\system32\ADVAPI32.dll
0x00007ff917a90000 - 0x00007ff917aae000 	C:\Windows\SYSTEM32\MPR.dll
0x00007ff920200000 - 0x00007ff920340000 	C:\Windows\system32\RPCRT4.dll
0x00007ff9208d0000 - 0x00007ff920929000 	C:\Windows\SYSTEM32\sechost.dll
0x00007ff91fd10000 - 0x00007ff91ff20000 	C:\Windows\SYSTEM32\combase.dll
0x00007ff91ff70000 - 0x00007ff9200bc000 	C:\Windows\system32\GDI32.dll
0x00007ff91f300000 - 0x00007ff91f315000 	C:\Windows\SYSTEM32\profapi.dll
0x00007ff91de90000 - 0x00007ff91df42000 	C:\Windows\SYSTEM32\SHCORE.dll
0x00007ff91ff30000 - 0x00007ff91ff66000 	C:\Windows\system32\IMM32.DLL
0x00007ff922070000 - 0x00007ff9221c1000 	C:\Windows\system32\MSCTF.dll
0x00007ff91d010000 - 0x00007ff91d28b000 	C:\Windows\WinSxS\amd64_microsoft.windows.common-controls_6595b64144ccf1df_6.0.9600.19371_none_6246a93becb7b63e\COMCTL32.dll
0x000000005e170000 - 0x000000005e242000 	C:\Program Files\Java\jdk1.8.0_171\jre\bin\msvcr100.dll
0x000000005d630000 - 0x000000005ded0000 	C:\Program Files\Java\jdk1.8.0_171\jre\bin\server\jvm.dll
0x00007ff8fa260000 - 0x00007ff8fa269000 	C:\Windows\SYSTEM32\WSOCK32.dll
0x00007ff91b630000 - 0x00007ff91b652000 	C:\Windows\SYSTEM32\WINMM.dll
0x00007ff91d440000 - 0x00007ff91d44a000 	C:\Windows\SYSTEM32\VERSION.dll
0x00007ff91ff20000 - 0x00007ff91ff27000 	C:\Windows\system32\PSAPI.DLL
0x00007ff920590000 - 0x00007ff9205ea000 	C:\Windows\system32\WS2_32.dll
0x00007ff91b600000 - 0x00007ff91b62a000 	C:\Windows\SYSTEM32\WINMMBASE.dll
0x00007ff920190000 - 0x00007ff920199000 	C:\Windows\system32\NSI.dll
0x00007ff91f5b0000 - 0x00007ff91f5ff000 	C:\Windows\SYSTEM32\cfgmgr32.dll
0x00007ff91e110000 - 0x00007ff91e138000 	C:\Windows\SYSTEM32\DEVOBJ.dll
0x000000005d540000 - 0x000000005d54f000 	C:\Program Files\Java\jdk1.8.0_171\jre\bin\verify.dll
0x000000005d510000 - 0x000000005d539000 	C:\Program Files\Java\jdk1.8.0_171\jre\bin\java.dll
0x000000005d4c0000 - 0x000000005d4d6000 	C:\Program Files\Java\jdk1.8.0_171\jre\bin\zip.dll

VM Arguments:
jvm_args: -Dfile.encoding=Cp1251 
java_command: koko.ApplicationStart
java_class_path (initial): C:\JavaDoc\springtest\students\bin;C:\JavaDoc\springtest\students\resources\h2-1.4.197.jar
Launcher Type: SUN_STANDARD

Environment Variables:
JAVA_HOME=C:\Progra~1\Java\jdk1.8.0_171
CLASSPATH=C:\JavaDoc;
PATH=C:/Program Files/Java/jdk1.8.0_171/bin/../jre/bin/server;C:/Program Files/Java/jdk1.8.0_171/bin/../jre/bin;C:/Program Files/Java/jdk1.8.0_171/bin/../jre/lib/amd64;C:\Program Files\Java\jdk1.8.0_171\bin;C:\Program Files (x86)\Common Files\Oracle\Java\javapath;C:\Program Files (x86)\Common Files\Intel\Shared Files\cpp\bin\Intel64;C:\Windows\system32;C:\Windows;C:\Windows\System32\Wbem;C:\Windows\System32\WindowsPowerShell\v1.0\;C:\Program Files (x86)\Common Files\Acronis\SnapAPI\;C:\Program Files (x86)\NVIDIA Corporation\PhysX\Common;C:\Program Files\Git\cmd;C:\Program Files\nodejs\;C:\Users\Сашок\AppData\Local\GitHubDesktop\bin;C:\Users\Сашок\AppData\Local\atom\bin;C:\Users\Сашок\AppData\Roaming\npm;C:\sts-4.2.2.RELEASE;
USERNAME=Сашок
OS=Windows_NT
PROCESSOR_IDENTIFIER=Intel64 Family 6 Model 60 Stepping 3, GenuineIntel



---------------  S Y S T E M  ---------------

OS: Windows 8.1 , 64 bit Build 9600 (6.3.9600.19358)

CPU:total 4 (initial active 4) (2 cores per cpu, 2 threads per core) family 6 model 60 stepping 3, cmov, cx8, fxsr, mmx, sse, sse2, sse3, ssse3, sse4.1, sse4.2, popcnt, avx, avx2, aes, clmul, erms, lzcnt, ht, tsc, tscinvbit, bmi1, bmi2

Memory: 4k page, physical 8281472k(1986688k free), swap 11865472k(5048k free)

vm_info: Java HotSpot(TM) 64-Bit Server VM (25.171-b11) for windows-amd64 JRE (1.8.0_171-b11), built on Mar 28 2018 16:06:12 by "java_re" with MS VC++ 10.0 (VS2010)

time: Tue Jul 09 13:55:20 2019
elapsed time: 0 seconds (0d 0h 0m 0s)

